x= 6.19686144030107355e-01 y= 0.00000000000000000e+00 z= -4.64698641578423222e-02 Bpol= 1.65337934868150796e+03 Btor= 4.18444147086499561e+03
Bx= 1.20320828660618773e+02 By= 4.18444147086499561e+03 Bz= 1.64899550297655719e+03
test! sdelaem obr preobr koord
Br=  -3.63599695903148217e-14  Bpol= 1.65337934868150796e+03  Btor= 4.18444147086499561e+03
B_start 4.49924590278652067e+03 plotn_start 1.31373523548303467e+11
U(B) 3.96025322942176738e-01 V(plotn) 2.64418317251494776e-02
-0.00000000000000011
w0.89210124451861250
 rho = 0.89207875271837456 H= -1.11022302462515654e-16
 rho = 8.92054793995328499e-01 H= 0.00000000000000000e+00
 rho = 8.92030590430200054e-01 H= 1.11022302462515654e-16
 rho = 8.92006149681010552e-01 H= 1.11022302462515654e-16
 rho = 8.91981459392923393e-01 H= -1.11022302462515654e-16
 rho = 8.91956534853881156e-01 H= 1.11022302462515654e-16
 rho = 8.91931359704716931e-01 H= -1.11022302462515654e-16
 rho = 8.91905924686155149e-01 H= 2.22044604925031308e-16
 rho = 8.91880243349334911e-01 H= 0.00000000000000000e+00
 rho = 8.91854316699158711e-01 H= 0.00000000000000000e+00
 rho = 8.91828134380025284e-01 H= 3.33066907387546962e-16
 rho = 8.91801702295838661e-01 H= 1.11022302462515654e-16
 rho = 8.91775011603816337e-01 H= -1.11022302462515654e-16
 rho = 8.91748062892835813e-01 H= 2.22044604925031308e-16
 rho = 8.91720855633841181e-01 H= 2.22044604925031308e-16
 rho = 8.91693383040187415e-01 H= 3.33066907387546962e-16
 rho = 8.91665654776844341e-01 H= 1.11022302462515654e-16
 rho = 8.91637649925741904e-01 H= -1.11022302462515654e-16
 rho = 8.91609387685525778e-01 H= 1.11022302462515654e-16
 rho = 8.91580850475066744e-01 H= 0.00000000000000000e+00
 rho = 8.91552049127532720e-01 H= 0.00000000000000000e+00
 rho = 8.91522964752550218e-01 H= -1.11022302462515654e-16
 rho = 8.91493613965278375e-01 H= 1.11022302462515654e-16
 rho = 8.91463997578389900e-01 H= -1.11022302462515654e-16
 rho = 8.91434104270832695e-01 H= 2.22044604925031308e-16
 rho = 8.91403930388988019e-01 H= 2.22044604925031308e-16
 rho = 8.91373473378237469e-01 H= 1.11022302462515654e-16
 rho = 8.91342736774056732e-01 H= 3.33066907387546962e-16
 rho = 8.91311722716071175e-01 H= 3.33066907387546962e-16
 rho = 8.91280415793304748e-01 H= 2.22044604925031308e-16
 rho = 8.91248822490740666e-01 H= -2.22044604925031308e-16
 rho = 8.91216961369360572e-01 H= -2.22044604925031308e-16
 rho = 8.91184803389791114e-01 H= -1.11022302462515654e-16
 rho = 8.91152343020292559e-01 H= 0.00000000000000000e+00
 rho = 8.91119604212204264e-01 H= -1.11022302462515654e-16
 rho = 8.91086562340098420e-01 H= 1.11022302462515654e-16
 rho = 8.91053236047718578e-01 H= 0.00000000000000000e+00
 rho = 8.91019598212141162e-01 H= 2.22044604925031308e-16
 rho = 8.90985660261727874e-01 H= -5.55111512312578270e-17
 rho = 8.90951419394598432e-01 H= 3.33066907387546962e-16
 rho = 8.90916883035011375e-01 H= 5.55111512312578270e-17
 rho = 8.90882031208366065e-01 H= 3.33066907387546962e-16
 rho = 8.90846881731814810e-01 H= -1.66533453693773481e-16
 rho = 8.90811426399266360e-01 H= 5.55111512312578270e-17
 rho = 8.90775654995288990e-01 H= 0.00000000000000000e+00
 rho = 8.90739583357713749e-01 H= 5.55111512312578270e-17
 rho = 8.90703190239819698e-01 H= 4.44089209850062616e-16
 rho = 8.90666490539307354e-01 H= 0.00000000000000000e+00
 rho = 8.90629480157910547e-01 H= -1.11022302462515654e-16
 rho = 8.90592145820560455e-01 H= 1.11022302462515654e-16
 rho = 8.90554495681888381e-01 H= 5.55111512312578270e-17
 rho = 8.90516523050367770e-01 H= -5.55111512312578270e-17
 rho = 8.90478224036712285e-01 H= -5.55111512312578270e-17
 rho = 8.90439608569674190e-01 H= -1.11022302462515654e-16
 rho = 8.90400670747216516e-01 H= 2.77555756156289135e-16
 rho = 8.90361391144591341e-01 H= 0.00000000000000000e+00
 rho = 8.90321790289223536e-01 H= 1.11022302462515654e-16
 rho = 8.90281868205647253e-01 H= 0.00000000000000000e+00
 rho = 8.90241607661206524e-01 H= 2.77555756156289135e-16
 rho = 8.90201008433164187e-01 H= 3.33066907387546962e-16
 rho = 8.90160081059649611e-01 H= 5.55111512312578270e-17
 rho = 8.90118816480883313e-01 H= 0.00000000000000000e+00
 rho = 8.90077202886030094e-01 H= -1.66533453693773481e-16
 rho = 8.90035259526588574e-01 H= -5.55111512312578270e-17
 rho = 8.89992984469861970e-01 H= 1.66533453693773481e-16
 rho = 8.89950368009863602e-01 H= -1.66533453693773481e-16
 rho = 8.89907399754519712e-01 H= 0.00000000000000000e+00
 rho = 8.89864087713703067e-01 H= 2.77555756156289135e-16
 rho = 8.89820430712266575e-01 H= 5.55111512312578270e-17
 rho = 8.89776425192023601e-01 H= 1.11022302462515654e-16
 rho = 8.89732075728477900e-01 H= 2.77555756156289135e-16
 rho = 8.89687369669451500e-01 H= 0.00000000000000000e+00
 rho = 8.89642314451159932e-01 H= 1.66533453693773481e-16
 rho = 8.89596907263020320e-01 H= -5.55111512312578270e-17
 rho = 8.89551133480687262e-01 H= 2.22044604925031308e-16
 rho = 8.89505008674940090e-01 H= 1.11022302462515654e-16
 rho = 8.89458527034580948e-01 H= -1.66533453693773481e-16
 rho = 8.89411689366016556e-01 H= 1.66533453693773481e-16
 rho = 8.89364478821917603e-01 H= 0.00000000000000000e+00
 rho = 8.89316907332501350e-01 H= -5.55111512312578270e-17
 rho = 8.89268983695293724e-01 H= 2.77555756156289135e-16
 rho = 8.89220689517937202e-01 H= 0.00000000000000000e+00
 rho = 8.89172031041783995e-01 H= 0.00000000000000000e+00
 rho = 8.89122987873423476e-01 H= 5.55111512312578270e-17
 rho = 8.89073589492940908e-01 H= 2.22044604925031308e-16
 rho = 8.89023815766283643e-01 H= 2.77555756156289135e-16
 rho = 8.88973660243357777e-01 H= -5.55111512312578270e-17
 rho = 8.88923139221792113e-01 H= 5.55111512312578270e-17
 rho = 8.88872239488569194e-01 H= 5.55111512312578270e-17
 rho = 8.88820961891267913e-01 H= 1.11022302462515654e-16
 rho = 8.88769308225447530e-01 H= 1.11022302462515654e-16
 rho = 8.88717289281206191e-01 H= 2.22044604925031308e-16
 rho = 8.88664865357434386e-01 H= 5.55111512312578270e-17
 rho = 8.88612091231477885e-01 H= 1.66533453693773481e-16
 rho = 8.88558913677667594e-01 H= 5.55111512312578270e-17
 rho = 8.88505347915964139e-01 H= 1.11022302462515654e-16
 rho = 8.88451420018695259e-01 H= 1.11022302462515654e-16
 rho = 8.88397096263558228e-01 H= 5.55111512312578270e-17
 rho = 8.88342383356610310e-01 H= 4.44089209850062616e-16
 rho = 8.88287277616015558e-01 H= 5.55111512312578270e-17
 rho = 8.88231779860329973e-01 H= 1.66533453693773481e-16
 rho = 8.88175889974555322e-01 H= 0.00000000000000000e+00
 rho = 8.88119605886595331e-01 H= 0.00000000000000000e+00
 rho = 8.88062926269146402e-01 H= 5.55111512312578270e-17
 rho = 8.88005871163964899e-01 H= 2.22044604925031308e-16
 rho = 8.87948403739719394e-01 H= 1.66533453693773481e-16
 rho = 8.87890558446935430e-01 H= 2.22044604925031308e-16
 rho = 8.87832293599471800e-01 H= 1.66533453693773481e-16
 rho = 8.87773640634074601e-01 H= 1.11022302462515654e-16
 rho = 8.87714573718199396e-01 H= 5.55111512312578270e-17
 rho = 8.87655125852542248e-01 H= 5.55111512312578270e-17
 rho = 8.87595277376114655e-01 H= 1.66533453693773481e-16
 rho = 8.87535002211018997e-01 H= 3.33066907387546962e-16
 rho = 8.87474349112202909e-01 H= 5.55111512312578270e-17
 rho = 8.87413296323205092e-01 H= 3.33066907387546962e-16
 rho = 8.87351812728262135e-01 H= 5.55111512312578270e-17
 rho = 8.87289928286798868e-01 H= 1.11022302462515654e-16
 rho = 8.87227619500439824e-01 H= 0.00000000000000000e+00
 rho = 8.87164914822251793e-01 H= 3.88578058618804789e-16
 rho = 8.87101801253204592e-01 H= 3.33066907387546962e-16
 rho = 8.87038283069073841e-01 H= -5.55111512312578270e-17
 rho = 8.86974353708514185e-01 H= 3.33066907387546962e-16
 rho = 8.86910009228962348e-01 H= 1.11022302462515654e-16
 rho = 8.86845248541360820e-01 H= 0.00000000000000000e+00
 rho = 8.86780073658382628e-01 H= 3.33066907387546962e-16
 rho = 8.86714487478240110e-01 H= 3.33066907387546962e-16
 rho = 8.86648493473862653e-01 H= 1.11022302462515654e-16
 rho = 8.86582063128304454e-01 H= 2.22044604925031308e-16
 rho = 8.86515219725730441e-01 H= 3.33066907387546962e-16
 rho = 8.86447973115801813e-01 H= 2.77555756156289135e-16
 rho = 8.86380295429305964e-01 H= 3.33066907387546962e-16
 rho = 8.86312214878564597e-01 H= 1.66533453693773481e-16
 rho = 8.86243694135802951e-01 H= 2.77555756156289135e-16
 rho = 8.86174771488722257e-01 H= 5.55111512312578270e-17
 rho = 8.86105405726073214e-01 H= 3.33066907387546962e-16
 rho = 8.86035629856471441e-01 H= 1.66533453693773481e-16
 rho = 8.85965423875447300e-01 H= 1.11022302462515654e-16
 rho = 8.85894794136110608e-01 H= 2.77555756156289135e-16
 rho = 8.85823747989398669e-01 H= 2.77555756156289135e-16
 rho = 8.85752272367473115e-01 H= -5.55111512312578270e-17
 rho = 8.85680369433021752e-01 H= 3.33066907387546962e-16
 rho = 8.85608046714711383e-01 H= 3.33066907387546962e-16
 rho = 8.85535289642312984e-01 H= 1.11022302462515654e-16
 rho = 8.85462103441899573e-01 H= 5.55111512312578270e-16
 rho = 8.85388496999945040e-01 H= 1.11022302462515654e-16
 rho = 8.85314462259810142e-01 H= 2.22044604925031308e-16
 rho = 8.85239992888956495e-01 H= 2.22044604925031308e-16
 rho = 8.85165088702235869e-01 H= 2.22044604925031308e-16
 rho = 8.85089757997134519e-01 H= 2.22044604925031308e-16
 rho = 8.85013993066424254e-01 H= 3.33066907387546962e-16
 rho = 8.84937811263153962e-01 H= 3.88578058618804789e-16
 rho = 8.84861181052858492e-01 H= 3.88578058618804789e-16
 rho = 8.84784135462890808e-01 H= 2.77555756156289135e-16
 rho = 8.84706655918303553e-01 H= 3.88578058618804789e-16
 rho = 8.84628753209632968e-01 H= 3.88578058618804789e-16
 rho = 8.84550408449647163e-01 H= 1.66533453693773481e-16
 rho = 8.84471643550462261e-01 H= 6.10622663543836097e-16
 rho = 8.84392439936405927e-01 H= 4.44089209850062616e-16
 rho = 8.84312801793857517e-01 H= 7.21644966006351751e-16
 rho = 8.84232736794134166e-01 H= 4.44089209850062616e-16
 rho = 8.84152221039977815e-01 H= 2.77555756156289135e-16
 rho = 8.84071267447372522e-01 H= 1.66533453693773481e-16
 rho = 8.83989884561108830e-01 H= 3.33066907387546962e-16
 rho = 8.83908052078381190e-01 H= 4.99600361081320443e-16
 rho = 8.83825805181914892e-01 H= 2.77555756156289135e-16
 rho = 8.83743106813844492e-01 H= 4.44089209850062616e-16
 rho = 8.83659976300005590e-01 H= 2.77555756156289135e-16
 rho = 8.83576427837581946e-01 H= 2.22044604925031308e-16
 rho = 8.83492426273341347e-01 H= 3.33066907387546962e-16
 rho = 8.83408006998890771e-01 H= 2.77555756156289135e-16
 rho = 8.83323143383398679e-01 H= 4.99600361081320443e-16
 rho = 8.83237838320832580e-01 H= 2.77555756156289135e-16
 rho = 8.83152091311301901e-01 H= 3.33066907387546962e-16
 rho = 8.83065910864973658e-01 H= 2.77555756156289135e-16
 rho = 8.82979285362165855e-01 H= 1.66533453693773481e-16
 rho = 8.82892241352508766e-01 H= 1.66533453693773481e-16
 rho = 8.82804737869967382e-01 H= 1.11022302462515654e-16
 rho = 8.82716809400548974e-01 H= 3.33066907387546962e-16
 rho = 8.82628433105027699e-01 H= 4.44089209850062616e-16
 rho = 8.82539643570110832e-01 H= 1.66533453693773481e-16
 rho = 8.82450398832057781e-01 H= 3.05311331771918049e-16
 rho = 8.82360724517282313e-01 H= 2.22044604925031308e-16
 rho = 8.82270608765438502e-01 H= 2.22044604925031308e-16
 rho = 8.82180047043435112e-01 H= 3.60822483003175876e-16
 rho = 8.82089054343765611e-01 H= 2.22044604925031308e-16
 rho = 8.81997627988313715e-01 H= 3.33066907387546962e-16
 rho = 8.81905767383178940e-01 H= 2.77555756156289135e-16
 rho = 8.81813467533649975e-01 H= 3.05311331771918049e-16
 rho = 8.81720726585909609e-01 H= 3.88578058618804789e-16
 rho = 8.81627544416013542e-01 H= 1.66533453693773481e-16
 rho = 8.81533921584647273e-01 H= 1.11022302462515654e-16
 rho = 8.81439869151524835e-01 H= 3.33066907387546962e-16
 rho = 8.81345383598531984e-01 H= 1.38777878078144568e-16
 rho = 8.81250456765952150e-01 H= 2.77555756156289135e-17
 rho = 8.81155079953154341e-01 H= 2.77555756156289135e-16
 rho = 8.81059291455810079e-01 H= 4.16333634234433703e-16
 rho = 8.80963064067011636e-01 H= 0.00000000000000000e+00
 rho = 8.80866405564878829e-01 H= 1.66533453693773481e-16
 rho = 8.80769292216841082e-01 H= 1.66533453693773481e-16
 rho = 8.80671752820920029e-01 H= -2.77555756156289135e-17
 rho = 8.80573776957062071e-01 H= 3.60822483003175876e-16
 rho = 8.80475378228454897e-01 H= 1.11022302462515654e-16
 rho = 8.80376538667503983e-01 H= 1.11022302462515654e-16
 rho = 8.80277264234612167e-01 H= 5.55111512312578270e-17
 rho = 8.80177560733468978e-01 H= 2.77555756156289135e-16
 rho = 8.80077435262850982e-01 H= 1.38777878078144568e-16
 rho = 8.79976857998545747e-01 H= 2.77555756156289135e-16
 rho = 8.79875829703563039e-01 H= 1.94289029309402395e-16
 rho = 8.79774394504987844e-01 H= 3.05311331771918049e-16
 rho = 8.79672505298662588e-01 H= 2.49800180540660222e-16
 rho = 8.79570174005626759e-01 H= 3.33066907387546962e-16
 rho = 8.79467434031759865e-01 H= 3.88578058618804789e-16
 rho = 8.79364243954129043e-01 H= 3.05311331771918049e-16
 rho = 8.79260615720229732e-01 H= 4.44089209850062616e-16
 rho = 8.79156565791852085e-01 H= 1.11022302462515654e-16
 rho = 8.79052098481172384e-01 H= 3.60822483003175876e-16
 rho = 8.78947180773000603e-01 H= 2.77555756156289135e-16
 rho = 8.78841840579898670e-01 H= 4.16333634234433703e-16
 rho = 8.78831293173097938e-01 H= 3.05311331771918049e-16
 rho = 8.78826017128443437e-01 H= 1.94289029309402395e-16
 rho = 8.78799613482462938e-01 H= 3.88578058618804789e-16
 rho = 8.78788932254193633e-01 H= 4.99600361081320443e-16
 rho = 8.78788398025291961e-01 H= 5.27355936696949357e-16
 rho = 8.78788130904858633e-01 H= 3.60822483003175876e-16
 rho = 8.78787997343146388e-01 H= 4.16333634234433703e-16
 rho = 8.78787930561916397e-01 H= 1.38777878078144568e-16
 rho = 8.78787897171207866e-01 H= 3.88578058618804789e-16
 rho = 8.78787880475830230e-01 H= 3.05311331771918049e-16
 rho = 8.78787879641060976e-01 H= 4.99600361081320443e-16
 rho = 8.78787879223676294e-01 H= 4.16333634234433703e-16
 rho = 8.78787879014984008e-01 H= 2.77555756156289135e-16
 rho = 8.78787878891117868e-01 H= 4.71844785465691530e-16
 rho = 8.78787878807357759e-01 H= 1.38777878078144568e-16
 rho = 8.78787878796276067e-01 H= 2.22044604925031308e-16
 rho = 8.78787878792996358e-01 H= 3.88578058618804789e-16
 rho = 8.78787878788931831e-01 H= 4.16333634234433703e-16
 rho = 8.78787878788447885e-01 H= 4.71844785465691530e-16
 rho = 8.78787878788128030e-01 H= 3.60822483003175876e-16
 rho = 8.78787878787912757e-01 H= 1.94289029309402395e-16
 rho = 8.78787878787606447e-01 H= -5.82867087928207184e-16
 rho = 8.78787878787329113e-01 H= -4.44089209850062616e-16
 rho = 8.78787878785942222e-01 H= -3.05311331771918049e-16
 rho = 8.78787878779007658e-01 H= -3.88578058618804789e-16
 rho = 8.78787878744335060e-01 H= -4.99600361081320443e-16
 rho = 8.78787878570972181e-01 H= -3.88578058618804789e-16
 rho = 8.78787877704157561e-01 H= -4.16333634234433703e-16
 rho = 8.78787873370083905e-01 H= -3.88578058618804789e-16
 rho = 8.78787851699697753e-01 H= -6.10622663543836097e-16
 rho = 8.78787743347318351e-01 H= -5.82867087928207184e-16
 rho = 8.78787201574207422e-01 H= -1.66533453693773481e-16
 rho = 8.78784492428290043e-01 H= -2.77555756156289135e-16
 rho = 8.78770939688258035e-01 H= -6.10622663543836097e-16
 rho = 8.78703000555349889e-01 H= -3.88578058618804789e-16
 rho = 8.78609484124695972e-01 H= -6.93889390390722838e-16
 rho = 8.78515597110040236e-01 H= -5.82867087928207184e-16
 rho = 8.78421353690329365e-01 H= -4.16333634234433703e-16
 rho = 8.78326723937742249e-01 H= -4.99600361081320443e-16
 rho = 8.78231702889615384e-01 H= -4.44089209850062616e-16
 rho = 8.78136313076477437e-01 H= -7.49400541621980665e-16
 rho = 8.78040545060420285e-01 H= -5.27355936696949357e-16
 rho = 8.77944408208975680e-01 H= -5.55111512312578270e-16
 rho = 8.77847897000715971e-01 H= -5.55111512312578270e-16
 rho = 8.77751008005165367e-01 H= -3.88578058618804789e-16
 rho = 8.77653723025903498e-01 H= -3.88578058618804789e-16
 rho = 8.77556056790673833e-01 H= -5.55111512312578270e-16
 rho = 8.77458019094007335e-01 H= -8.60422844084496319e-16
 rho = 8.77359606042242168e-01 H= -4.99600361081320443e-16
 rho = 8.77260838198743342e-01 H= -6.93889390390722838e-16
 rho = 8.77161681069122623e-01 H= -3.60822483003175876e-16
 rho = 8.77062152883878565e-01 H= -3.88578058618804789e-16
 rho = 8.76962244377229583e-01 H= -6.10622663543836097e-16
 rho = 8.76861987422689393e-01 H= -5.13478148889134900e-16
 rho = 8.76761324913479134e-01 H= -5.13478148889134900e-16
 rho = 8.76660304019835079e-01 H= -2.63677968348474678e-16
 rho = 8.76558912869580986e-01 H= -3.46944695195361419e-16
 rho = 8.76457150932897333e-01 H= -3.46944695195361419e-16
 rho = 8.76355041326013717e-01 H= -4.57966997657877073e-16
 rho = 8.76252554086694890e-01 H= -3.46944695195361419e-16
 rho = 8.76149684001660378e-01 H= -4.44089209850062616e-16
 rho = 8.76046439203326144e-01 H= -4.85722573273505986e-16
 rho = 8.75942841324803823e-01 H= -4.16333634234433703e-16
 rho = 8.75838864295908959e-01 H= -2.91433543964103592e-16
 rho = 8.75734511564876472e-01 H= -2.77555756156289135e-16
 rho = 8.75629794161713937e-01 H= -2.63677968348474678e-16
 rho = 8.75524722641948361e-01 H= -2.77555756156289135e-16
 rho = 8.75419270773903468e-01 H= -4.85722573273505986e-16
 rho = 8.75313459040381159e-01 H= -5.41233724504763813e-16
 rho = 8.75207276808221080e-01 H= -2.77555756156289135e-16
 rho = 8.75100715329374945e-01 H= -4.16333634234433703e-16
 rho = 8.74993801493891943e-01 H= -2.63677968348474678e-16
 rho = 8.74886526354233141e-01 H= -5.27355936696949357e-16
 rho = 8.74778864767175590e-01 H= -4.16333634234433703e-16
 rho = 8.74670867094693105e-01 H= -5.82867087928207184e-16
 rho = 8.74562508141895734e-01 H= -2.49800180540660222e-16
 rho = 8.74453760418373416e-01 H= -4.57966997657877073e-16
 rho = 8.74344678260122965e-01 H= -5.82867087928207184e-16
 rho = 8.74235220810481772e-01 H= -3.33066907387546962e-16
 rho = 8.74125398952342647e-01 H= -3.88578058618804789e-16
 rho = 8.74015217412250300e-01 H= -3.74700270810990332e-16
 rho = 8.73904676316003437e-01 H= 5.55111512312578270e-17
 rho = 8.73793784236971405e-01 H= -3.33066907387546962e-16
 rho = 8.73682540416327758e-01 H= -2.15105711021124080e-16
 rho = 8.73570903085247097e-01 H= -3.60822483003175876e-16
 rho = 8.73458925020557664e-01 H= -2.28983498828938536e-16
 rho = 8.73346580045149090e-01 H= -2.63677968348474678e-16
 rho = 8.73233884142867955e-01 H= -1.80411241501587938e-16
 rho = 8.73120818816740418e-01 H= -1.80411241501587938e-16
 rho = 8.73007417778434491e-01 H= -1.24900090270330111e-16
 rho = 8.72893657103894105e-01 H= -1.52655665885959024e-16
 rho = 8.72779536123782007e-01 H= -6.93889390390722838e-18
 rho = 8.72665072635750660e-01 H= 1.17961196366422882e-16
 rho = 8.72550246442628907e-01 H= -2.28983498828938536e-16
 rho = 8.72435051826760732e-01 H= -2.01227923213309623e-16
 rho = 8.72319513131648239e-01 H= -2.77555756156289135e-17
 rho = 8.72203651157965054e-01 H= -7.63278329429795122e-17
 rho = 8.72087396494504175e-01 H= -1.24900090270330111e-16
 rho = 8.71970799703492228e-01 H= -3.12250225675825277e-16
 rho = 8.71853855304942083e-01 H= -7.63278329429795122e-17
 rho = 8.71736548210472972e-01 H= -2.28983498828938536e-16
 rho = 8.71618890006743086e-01 H= -8.67361737988403547e-17
 rho = 8.71500885487719645e-01 H= 3.12250225675825277e-17
 rho = 8.71382550755261609e-01 H= -1.80411241501587938e-16
 rho = 8.71263850312992361e-01 H= -7.97972798949331263e-17
 rho = 8.71144817116175862e-01 H= -1.07552855510562040e-16
 rho = 8.71025411611558442e-01 H= -1.04083408558608426e-17
 rho = 8.70905676655835292e-01 H= 3.46944695195361419e-17
 rho = 8.70785590446914837e-01 H= 7.97972798949331263e-17
 rho = 8.70665152322950719e-01 H= 1.21430643318376497e-16
 rho = 8.70544378550222708e-01 H= 4.51028103753969845e-17
 rho = 8.70423245979072724e-01 H= -1.97758476261356009e-16
 rho = 8.70301767829569251e-01 H= -2.66280053562439889e-16
 rho = 8.70179976306277969e-01 H= -1.84748050191529956e-16
 rho = 8.70057809779566482e-01 H= -2.81892564846231153e-16
 rho = 8.69935286892280057e-01 H= -4.43655528981068414e-16
 rho = 8.69812438490164874e-01 H= -5.57279916657549279e-17
 rho = 8.69689246142351102e-01 H= -4.76181594155633547e-16
 rho = 8.69565719342255461e-01 H= -3.84674930797856973e-16
 rho = 8.69441842385267338e-01 H= -4.56232274181900266e-16
 rho = 8.69317637252315700e-01 H= -2.40259201422787783e-16
 rho = 8.69193082531668826e-01 H= -5.19549681055053725e-16
 rho = 8.69068202066140549e-01 H= -4.05925293378572860e-16
 rho = 8.68942981967057770e-01 H= -3.97251675998688825e-16
 rho = 8.68817383898711659e-01 H= -2.67147415300428293e-16
 rho = 8.68691461300452494e-01 H= -1.23165366794353304e-16
 rho = 8.68565218003043316e-01 H= -2.79290479632265942e-16
 rho = 8.68438659230853616e-01 H= -2.53269627492613836e-16
 rho = 8.68311734251796530e-01 H= -2.81025203108242749e-16
 rho = 8.68184495998038375e-01 H= -3.85108611666851175e-16
 rho = 8.68056901550587678e-01 H= -3.60822483003175876e-16
 rho = 8.67928985137158548e-01 H= -3.22658566531686120e-16
 rho = 8.67800708187908332e-01 H= -4.40619762898109002e-16
 rho = 8.67672116243571323e-01 H= -3.40005801291454191e-16
 rho = 8.67543190316510060e-01 H= -6.07153216591882483e-16
 rho = 8.67413918488550539e-01 H= -7.32053306862212594e-16
 rho = 8.67284335930940120e-01 H= -4.85722573273505986e-16
 rho = 8.67154402358537579e-01 H= -4.51028103753969845e-16
 rho = 8.67024127668902911e-01 H= -5.82867087928207184e-16
 rho = 8.66893545488097605e-01 H= -8.67361737988403547e-16
 rho = 8.66762623638655194e-01 H= -4.23272528138340931e-16
 rho = 8.66631361654108812e-01 H= -3.67761376907083104e-16
 rho = 8.66499761796163948e-01 H= -2.63677968348474678e-16
 rho = 8.66367850893270730e-01 H= -4.51028103753969845e-16
 rho = 8.66235592512343944e-01 H= -5.82867087928207184e-16
 rho = 8.66103027635099609e-01 H= -7.00828284294630066e-16
 rho = 8.65970110910149304e-01 H= -5.89805981832114412e-16
 rho = 8.65836889274323007e-01 H= -4.51028103753969845e-16
 rho = 8.65703332853200225e-01 H= -3.12250225675825277e-16
 rho = 8.65569460069423924e-01 H= -6.59194920871186696e-16
 rho = 8.65435245368011752e-01 H= -6.73072708679001153e-16
 rho = 8.65300693101759388e-01 H= -8.74300631892310776e-16
 rho = 8.65165831187724721e-01 H= -8.46545056276681862e-16
 rho = 8.65030625867047487e-01 H= -8.88178419700125232e-16
 rho = 8.64895114861162773e-01 H= -1.07552855510562040e-15
 rho = 8.64759286287821616e-01 H= -1.10328413072124931e-15
 rho = 8.64623119353457037e-01 H= -1.22124532708767219e-15
 rho = 8.64486637922788015e-01 H= -1.14491749414469268e-15
 rho = 8.64349813825245783e-01 H= -1.25593979660720834e-15
 rho = 8.64212701411816275e-01 H= -1.04083408558608426e-15
 rho = 8.64075239490632696e-01 H= -1.08246744900952763e-15
 rho = 8.63937469104641198e-01 H= -7.63278329429795122e-16
 rho = 8.63799374028624833e-01 H= -9.15933995315754146e-16
 rho = 8.63660966180547107e-01 H= -8.18789480661052949e-16
 rho = 8.63522233616600854e-01 H= -1.02695629777826980e-15
 rho = 8.63383185816107401e-01 H= -1.16573417585641437e-15
 rho = 8.63243814355783901e-01 H= -1.17961196366422882e-15
 rho = 8.63104126730961152e-01 H= -1.11022302462515654e-15
 rho = 8.62964096031350492e-01 H= -9.99200722162640886e-16
 rho = 8.62823755105914914e-01 H= -9.71445146547011973e-16
 rho = 8.62683090176398992e-01 H= -1.15185638804859991e-15
 rho = 8.62542111784677212e-01 H= -9.57567358739197516e-16
 rho = 8.62400811721358851e-01 H= -7.49400541621980665e-16
 rho = 8.62259196293485242e-01 H= -1.27675647831893002e-15
 rho = 8.62117246298033546e-01 H= -1.02695629777826980e-15
 rho = 8.61975000677623338e-01 H= -7.77156117237609578e-16
 rho = 8.61832452122439086e-01 H= -7.77156117237609578e-16
 rho = 8.61689562520776997e-01 H= -6.66133814775093924e-16
 rho = 8.61546389178206251e-01 H= -1.04083408558608426e-15
 rho = 8.61402866045881010e-01 H= -6.52256026967279467e-16
 rho = 8.61259029463075976e-01 H= -6.66133814775093924e-16
 rho = 8.61114902106896563e-01 H= -4.71844785465691530e-16
 rho = 8.60970449837555107e-01 H= -5.41233724504763813e-16
 rho = 8.60825663473697378e-01 H= -5.27355936696949357e-16
 rho = 8.60680561495961172e-01 H= -3.60822483003175876e-16
 rho = 8.60535161697072892e-01 H= -4.99600361081320443e-16
 rho = 8.60389456104616257e-01 H= -3.33066907387546962e-16
 rho = 8.60243435809590395e-01 H= -3.46944695195361419e-16
 rho = 8.60097106644149734e-01 H= -1.66533453693773481e-16
 rho = 8.59950459058562156e-01 H= 4.16333634234433703e-17
 rho = 8.59803489464648019e-01 H= -1.38777878078144568e-17
 rho = 8.59656195310327109e-01 H= 2.77555756156289135e-17
 rho = 8.59508586288916798e-01 H= 9.71445146547011973e-17
 rho = 8.59360673451717849e-01 H= 9.71445146547011973e-17
 rho = 8.59212443668441739e-01 H= -4.16333634234433703e-17
 rho = 8.59063903000573670e-01 H= -2.49800180540660222e-16
 rho = 8.58915063457729500e-01 H= -8.32667268468867405e-17
 rho = 8.58765914460012603e-01 H= -5.55111512312578270e-17
 rho = 8.58616455119662225e-01 H= -1.94289029309402395e-16
 rho = 8.58466670616713223e-01 H= -2.91433543964103592e-16
 rho = 8.58316569788561523e-01 H= -2.22044604925031308e-16
 rho = 8.58166156305443906e-01 H= -8.32667268468867405e-17
 rho = 8.58015433086357637e-01 H= -2.77555756156289135e-16
 rho = 8.57864398047779697e-01 H= -2.08166817117216851e-16
 rho = 8.57713057336734086e-01 H= -4.02455846426619246e-16
 rho = 8.57561388315660644e-01 H= -1.38777878078144568e-16
 rho = 8.57409421589487963e-01 H= -4.57966997657877073e-16
 rho = 8.57257122905973445e-01 H= -3.60822483003175876e-16
 rho = 8.57104523249631489e-01 H= -3.33066907387546962e-16
 rho = 8.56951612758698689e-01 H= -3.33066907387546962e-16
 rho = 8.56798391993655262e-01 H= -4.02455846426619246e-16
 rho = 8.56644855919051484e-01 H= -8.32667268468867405e-17
 rho = 8.56491008555823607e-01 H= -1.38777878078144568e-16
 rho = 8.56336854713739881e-01 H= -1.24900090270330111e-16
 rho = 8.56182363882942443e-01 H= -1.24900090270330111e-16
 rho = 8.56027561792695013e-01 H= 1.66533453693773481e-16
 rho = 8.55872451953064717e-01 H= 3.05311331771918049e-16
 rho = 8.55717030127604361e-01 H= 8.32667268468867405e-17
 rho = 8.55561281177599109e-01 H= 5.41233724504763813e-16
 rho = 8.55405238305736448e-01 H= 4.57966997657877073e-16
 rho = 8.55248879880824764e-01 H= 8.32667268468867405e-17
 rho = 8.55092184909287623e-01 H= 4.02455846426619246e-16
 rho = 8.54935186019618043e-01 H= 5.82867087928207184e-16
 rho = 8.54777851191813598e-01 H= 5.96744875736021640e-16
 rho = 8.54620191938753493e-01 H= 4.16333634234433703e-16
 rho = 8.54462209821571617e-01 H= 3.33066907387546962e-16
 rho = 8.54303921606125338e-01 H= 5.27355936696949357e-16
 rho = 8.54145286919438917e-01 H= 3.88578058618804789e-16
 rho = 8.53986354288906679e-01 H= 6.93889390390722838e-16
 rho = 8.53827078144235863e-01 H= 4.44089209850062616e-16
 rho = 8.53667485221287103e-01 H= 3.88578058618804789e-16
 rho = 8.53507582818918142e-01 H= 5.55111512312578270e-16
 rho = 8.53347344101211047e-01 H= 3.33066907387546962e-16
 rho = 8.53186753594242231e-01 H= 8.32667268468867405e-17
 rho = 8.53025850370218053e-01 H= 4.44089209850062616e-16
 rho = 8.52864609316047240e-01 H= 4.30211422042248159e-16
 rho = 8.52703043468041044e-01 H= 2.08166817117216851e-16
 rho = 8.52541129963712674e-01 H= 5.55111512312578270e-17
 rho = 8.52378852842497148e-01 H= 1.66533453693773481e-16
 rho = 8.52216243637929916e-01 H= 3.74700270810990332e-16
 rho = 8.52053301308252853e-01 H= 6.93889390390722838e-17
 rho = 8.51890024850588845e-01 H= 2.63677968348474678e-16
 rho = 8.51726392922710795e-01 H= 2.22044604925031308e-16
 rho = 8.51562402316982103e-01 H= -2.77555756156289135e-17
 rho = 8.51398071454249061e-01 H= -8.32667268468867405e-17
 rho = 8.51233369151410457e-01 H= -9.71445146547011973e-17
 rho = 8.51068324938461962e-01 H= -2.63677968348474678e-16
 rho = 8.50902911542721907e-01 H= 2.35922392732845765e-16
 rho = 8.50737144174087412e-01 H= 3.60822483003175876e-16
 rho = 8.50570981661920689e-01 H= 3.19189119579732505e-16
 rho = 8.50404467363723326e-01 H= 1.38777878078144568e-16
 rho = 8.50237571084257571e-01 H= -2.77555756156289135e-17
 rho = 8.50070292236495773e-01 H= -6.93889390390722838e-17
 rho = 8.49902634563553860e-01 H= 1.52655665885959024e-16
 rho = 8.49734575748318011e-01 H= 1.38777878078144568e-17
 rho = 8.49566109283474757e-01 H= -3.88578058618804789e-16
 rho = 8.49397258110046849e-01 H= -3.74700270810990332e-16
 rho = 8.49228013845251373e-01 H= -7.07767178198537295e-16
 rho = 8.49058342532762911e-01 H= -6.66133814775093924e-16
 rho = 8.48888214810883390e-01 H= -7.49400541621980665e-16
 rho = 8.48717688725402764e-01 H= -8.18789480661052949e-16
 rho = 8.48546724215482606e-01 H= -3.74700270810990332e-16
 rho = 8.48375312530630477e-01 H= -3.74700270810990332e-16
 rho = 8.48203445478793672e-01 H= -2.08166817117216851e-16
 rho = 8.48031116628734538e-01 H= 2.77555756156289135e-16
 rho = 8.47858297483545242e-01 H= 1.80411241501587938e-16
 rho = 8.47684995393751528e-01 H= -9.71445146547011973e-17
 rho = 8.47511193389726358e-01 H= 1.66533453693773481e-16
 rho = 8.47336898059798616e-01 H= -1.11022302462515654e-16
 rho = 8.47162055660134139e-01 H= 4.16333634234433703e-17
 rho = 8.46986664289747671e-01 H= 2.49800180540660222e-16
 rho = 8.46810754414377032e-01 H= 4.85722573273505986e-16
 rho = 8.46634258210716362e-01 H= 1.80411241501587938e-16
 rho = 8.46457150848269224e-01 H= 1.66533453693773481e-16
 rho = 8.46279405981378519e-01 H= -1.11022302462515654e-16
 rho = 8.46101041919117502e-01 H= -6.93889390390722838e-17
 rho = 8.45922028369312073e-01 H= -2.63677968348474678e-16
 rho = 8.45742296874028909e-01 H= 1.24900090270330111e-16
 rho = 8.45561836273050149e-01 H= 3.19189119579732505e-16
 rho = 8.45380608355556173e-01 H= 4.30211422042248159e-16
 rho = 8.45198622566014857e-01 H= 2.49800180540660222e-16
 rho = 8.45015790296461455e-01 H= 1.52655665885959024e-16
 rho = 8.44832036359622451e-01 H= 3.33066907387546962e-16
 rho = 8.44647397104055009e-01 H= 5.41233724504763813e-16
 rho = 8.44461728216756247e-01 H= 1.66533453693773481e-16
 rho = 8.44274996835140623e-01 H= 5.27355936696949357e-16
 rho = 8.44087141801733054e-01 H= 5.13478148889134900e-16
 rho = 8.43898100804191031e-01 H= 5.41233724504763813e-16
 rho = 8.43707711713700736e-01 H= 3.60822483003175876e-16
 rho = 8.43515917684274918e-01 H= 9.15933995315754146e-16
 rho = 8.43322563000698078e-01 H= 4.85722573273505986e-16
 rho = 8.43127501213948749e-01 H= 3.05311331771918049e-16
 rho = 8.42930517977006799e-01 H= 5.55111512312578270e-17
 rho = 8.42731415724908839e-01 H= -2.22044604925031308e-16
 rho = 8.42529896974361092e-01 H= 3.60822483003175876e-16
 rho = 8.42325676877852425e-01 H= -2.49800180540660222e-16
 rho = 8.42118258025839728e-01 H= -6.24500451351650554e-16
 rho = 8.41907061926282729e-01 H= -6.93889390390722838e-17
 rho = 8.41691331985505720e-01 H= 2.77555756156289135e-17
 rho = 8.41469878200183041e-01 H= 2.63677968348474678e-16
 rho = 8.41240970630032225e-01 H= -2.35922392732845765e-16
 rho = 8.41001642592234866e-01 H= 9.71445146547011973e-17
 rho = 8.40746028415028213e-01 H= -3.19189119579732505e-16
 rho = 8.40457545693612751e-01 H= 1.52655665885959024e-16
 rho = 8.40153502169290078e-01 H= -2.22044604925031308e-16
 rho = 8.39910686551171293e-01 H= 3.46944695195361419e-17
 rho = 8.39667556414495309e-01 H= 5.75928194024299955e-16
 rho = 8.39443553236138285e-01 H= 3.81639164714897561e-16
 rho = 8.39232394037818907e-01 H= 6.17561557447743326e-16
 rho = 8.39030911354223696e-01 H= 5.55111512312578270e-16
 rho = 8.38837286570070839e-01 H= 9.85322934354826430e-16
 rho = 8.38650283834949106e-01 H= 8.25728374564960177e-16
 rho = 8.38469095665526742e-01 H= 3.67761376907083104e-16
 rho = 8.38293058174040873e-01 H= 7.00828284294630066e-16
 rho = 8.38121701231572147e-01 H= 7.21644966006351751e-16
 rho = 8.37954637564781946e-01 H= 8.18789480661052949e-16
 rho = 8.37791562441875248e-01 H= -7.63278329429795122e-17
 rho = 8.37632232501142937e-01 H= 4.85722573273505986e-16
 rho = 8.37476449902981201e-01 H= 4.85722573273505986e-16
 rho = 8.37324027100924462e-01 H= 7.56339435525887893e-16
 rho = 8.37174802063792023e-01 H= 2.08166817117216851e-16
 rho = 8.37028692966941490e-01 H= 5.48172618408671042e-16
 rho = 8.36885557331377927e-01 H= 4.71844785465691530e-16
 rho = 8.36745321868912595e-01 H= 2.84494650060196363e-16
 rho = 8.36607918303277631e-01 H= 1.94289029309402395e-16
 rho = 8.36473254575264558e-01 H= -7.63278329429795122e-17
 rho = 8.36341303607331499e-01 H= 5.96744875736021640e-16
 rho = 8.36211994942020587e-01 H= 6.10622663543836097e-16
 rho = 8.36085279617127197e-01 H= 6.17561557447743326e-16
 rho = 8.35961146463506943e-01 H= 5.55111512312578270e-16
 rho = 8.35839542617246911e-01 H= 8.04911692853238492e-16
 rho = 8.35720457824362994e-01 H= 3.26128013483639734e-16
 rho = 8.35603855833758291e-01 H= 5.23886489744995743e-16
 rho = 8.35489767527361038e-01 H= -4.16333634234433703e-16
 rho = 8.35378133933817102e-01 H= -2.18575157973077694e-16
 rho = 8.35268973451321894e-01 H= -4.85722573273505986e-17
 rho = 8.35162290274543029e-01 H= -3.71230823859036718e-16
 rho = 8.35058068464341829e-01 H= -8.32667268468867405e-17
 rho = 8.34956311209033908e-01 H= 3.81639164714897561e-17
 rho = 8.34857037446867234e-01 H= 1.76941794549634324e-16
 rho = 8.34760232653322332e-01 H= -1.24900090270330111e-16
 rho = 8.34665942263160821e-01 H= -1.35308431126190953e-16
 rho = 8.34574180875718330e-01 H= 3.57353036051222261e-16
 rho = 8.34484941086214738e-01 H= 2.94902990916057206e-16
 rho = 8.34398260624260146e-01 H= 1.31838984174237339e-16
 rho = 8.34314148357270580e-01 H= 3.01841884819964434e-16
 rho = 8.34232671573256201e-01 H= 8.60422844084496319e-16
 rho = 8.34153829089728460e-01 H= 7.87564458093470421e-16
 rho = 8.34077664680583086e-01 H= 4.78783679369598758e-16
 rho = 8.34004197886869303e-01 H= 9.12464548363800532e-16
 rho = 8.33933466466637352e-01 H= 2.49800180540660222e-16
 rho = 8.33865523483561799e-01 H= 8.74300631892310776e-16
 rho = 8.33800400788955898e-01 H= 1.03042574473022341e-15
 rho = 8.33738141296663682e-01 H= 1.29063426612674448e-15
 rho = 8.33678797161718665e-01 H= 1.20736753927985774e-15
 rho = 8.33622397978309393e-01 H= 1.31838984174237339e-15
 rho = 8.33569017747169738e-01 H= 1.15879528195250714e-15
 rho = 8.33518687629228761e-01 H= 1.75207071073657517e-15
 rho = 8.33471462153425269e-01 H= 2.21697660229835947e-15
 rho = 8.33427389957357323e-01 H= 2.30718222304915344e-15
 rho = 8.33386524266007678e-01 H= 2.43902120722339077e-15
 rho = 8.33348905921605376e-01 H= 1.80411241501587938e-15
 rho = 8.33314593471367382e-01 H= 2.24820162486594199e-15
 rho = 8.33283636582114906e-01 H= 2.73218947466347117e-15
 rho = 8.33256079224878876e-01 H= 2.19442519711066097e-15
 rho = 8.33231964148779869e-01 H= 2.50320597583453264e-15
 rho = 8.33211330680573292e-01 H= 2.45810316545913565e-15
 rho = 8.33194216418588929e-01 H= 2.67667832343221335e-15
 rho = 8.33180651820441542e-01 H= 2.91780488659298953e-15
 rho = 8.33170663741653716e-01 H= 2.91780488659298953e-15
 rho = 8.33164273114761267e-01 H= 2.98545910215608501e-15
 rho = 8.33161497413070662e-01 H= 2.77555756156289135e-15
 rho = 8.33162344273395195e-01 H= 3.16413562018169614e-15
 rho = 8.33166817003668680e-01 H= 3.25087179398053649e-15
 rho = 8.33174912859055206e-01 H= 3.56138729618038496e-15
 rho = 8.33186618655926248e-01 H= 3.57179563703624581e-15
 rho = 8.33201922809790108e-01 H= 3.36015937296707534e-15
 rho = 8.33220801330694205e-01 H= 3.26648430526432776e-15
 rho = 8.33243225074549509e-01 H= 3.47118167542959100e-15
 rho = 8.33269161306102846e-01 H= 4.04364042250193734e-15
 rho = 8.33298574326799324e-01 H= 4.01761957036228523e-15
 rho = 8.33331415839047351e-01 H= 4.44436154545257978e-15
 rho = 8.33367644730509616e-01 H= 4.15986689539238341e-15
 rho = 8.33407216813878304e-01 H= 3.78516662458139308e-15
 rho = 8.33450076958444641e-01 H= 3.34801630863523769e-15
 rho = 8.33496175984683063e-01 H= 3.86843335142827982e-15
 rho = 8.33545466355080089e-01 H= 4.08700850940135751e-15
 rho = 8.33597899266324771e-01 H= 4.01068067645837800e-15
 rho = 8.33653409149288427e-01 H= 4.15292800148847618e-15
 rho = 8.33711952181648841e-01 H= 4.80171458150380204e-15
 rho = 8.33773479533264750e-01 H= 4.47905601497211592e-15
 rho = 8.33837935935236807e-01 H= 4.58660887048267796e-15
 rho = 8.33905279481077288e-01 H= 5.13131204193939539e-15
 rho = 8.33975462442872129e-01 H= 4.69416172599324000e-15
 rho = 8.34048443832435371e-01 H= 4.46864767411625508e-15
 rho = 8.34124172564533861e-01 H= 5.03763697423664780e-15
 rho = 8.34202620647873538e-01 H= 4.49640324973188399e-15
 rho = 8.34283735488201339e-01 H= 5.08967867851595202e-15
 rho = 8.34367493359585599e-01 H= 5.10008701937181286e-15
 rho = 8.34453870493490624e-01 H= 5.49560397189452488e-15
 rho = 8.34542816958325107e-01 H= 5.69336244815588088e-15
 rho = 8.34634306038375962e-01 H= 5.58234014569336523e-15
 rho = 8.34728324674885891e-01 H= 5.81826253842621099e-15
 rho = 8.34824862623072317e-01 H= 5.88765147746528328e-15
 rho = 8.34923893592674826e-01 H= 5.81826253842621099e-15
 rho = 8.35025394014878519e-01 H= 5.42621503285545259e-15
 rho = 8.35129347391452725e-01 H= 5.99173488602389170e-15
 rho = 8.35235761752017858e-01 H= 6.04377659030319592e-15
 rho = 8.35344618537520289e-01 H= 6.01255156773561339e-15
 rho = 8.35455911440057597e-01 H= 5.26662047306558634e-15
 rho = 8.35569648037364443e-01 H= 5.34294830600856585e-15
 rho = 8.35685824451551373e-01 H= 5.95357096955240195e-15
 rho = 8.35804466901320708e-01 H= 5.75928194024299955e-15
 rho = 8.35925560281083557e-01 H= 5.68989300120392727e-15
 rho = 8.36049143123598903e-01 H= 6.12704331715008266e-15
 rho = 8.36175234312265592e-01 H= 5.61356516826094776e-15
 rho = 8.36303866854256395e-01 H= 5.28049826087340080e-15
 rho = 8.36435039420238780e-01 H= 5.79397640976253570e-15
 rho = 8.36568810475340596e-01 H= 5.46784839627889596e-15
 rho = 8.36705223471091886e-01 H= 5.32213162429684417e-15
 rho = 8.36844322040870225e-01 H= 5.81479309147425738e-15
 rho = 8.36986197566530588e-01 H= 5.68989300120392727e-15
 rho = 8.37130903792477121e-01 H= 5.77315972805081401e-15
 rho = 8.37278507957232021e-01 H= 5.71764857681955618e-15
 rho = 8.37429138008825569e-01 H= 5.80091530366644292e-15
 rho = 8.37582881247970423e-01 H= 5.67601521339611281e-15
 rho = 8.37739884292816206e-01 H= 5.72458747072346341e-15
 rho = 8.37900295482908120e-01 H= 6.01602101468756700e-15
 rho = 8.38064293342141720e-01 H= 6.00908212078365978e-15
 rho = 8.38232101748421776e-01 H= 5.48866507799061765e-15
 rho = 8.38403978837113817e-01 H= 5.40539835114373091e-15
 rho = 8.38580259540240069e-01 H= 5.55805401702968993e-15
 rho = 8.38761335129787566e-01 H= 5.75928194024299955e-15
 rho = 8.38947699042675077e-01 H= 5.48172618408671042e-15
 rho = 8.39140112181367193e-01 H= 5.57887069874141162e-15
 rho = 8.39339377992841196e-01 H= 5.35682609381638031e-15
 rho = 8.39546863742520411e-01 H= 5.86336534880160798e-15
 rho = 8.39764481293059251e-01 H= 5.81479309147425738e-15
 rho = 8.39995496659260432e-01 H= 5.61356516826094776e-15
 rho = 8.40246280399101875e-01 H= 5.98132654516803086e-15
 rho = 8.40534528169579298e-01 H= 6.02989880249538146e-15
 rho = 8.40813767191637695e-01 H= 5.90499871222505135e-15
 rho = 8.41063539227641099e-01 H= 5.63438184997266944e-15
 rho = 8.41322304106843166e-01 H= 5.85642645489770075e-15
 rho = 8.41563402937948402e-01 H= 5.62050406216485499e-15
 rho = 8.41793650436867269e-01 H= 5.35682609381638031e-15
 rho = 8.42016203910659788e-01 H= 5.53723733531796825e-15
 rho = 8.42232961268999936e-01 H= 5.41233724504763813e-15
 rho = 8.42445068991856005e-01 H= 5.67601521339611281e-15
 rho = 8.42653332010711020e-01 H= 5.84254866708988629e-15
 rho = 8.42858355934786307e-01 H= 5.73152636462737064e-15
 rho = 8.43060612985139790e-01 H= 5.35682609381638031e-15
 rho = 8.43260421768914137e-01 H= 5.44009282066326705e-15
 rho = 8.43458074369261013e-01 H= 5.39845945723982368e-15
 rho = 8.43653774763188480e-01 H= 5.66213742558829836e-15
 rho = 8.43847736888583833e-01 H= 5.37070388162419476e-15
 rho = 8.44040121195236415e-01 H= 5.10702591327572009e-15
 rho = 8.44231031343825267e-01 H= 5.25968157916167911e-15
 rho = 8.44420564935776441e-01 H= 4.96824803519757552e-15
 rho = 8.44608889348926417e-01 H= 5.34294830600856585e-15
 rho = 8.44796040987841113e-01 H= 5.68989300120392727e-15
 rho = 8.44982107982607311e-01 H= 5.14865927669916346e-15
 rho = 8.45167152953413714e-01 H= 5.53723733531796825e-15
 rho = 8.45351235476996976e-01 H= 5.24580379135386465e-15
 rho = 8.45534432796032021e-01 H= 5.28743715477730802e-15
 rho = 8.45716741499716762e-01 H= 5.17641485231479237e-15
 rho = 8.45898222139450984e-01 H= 5.00988139862101889e-15
 rho = 8.46078946580611224e-01 H= 5.45397060847108150e-15
 rho = 8.46258893102935561e-01 H= 5.52335954751015379e-15
 rho = 8.46438123585129931e-01 H= 5.14865927669916346e-15
 rho = 8.46616664482492398e-01 H= 5.27355936696949357e-15
 rho = 8.46794540275195073e-01 H= 5.02375918642883335e-15
 rho = 8.46971799903378231e-01 H= 5.10702591327572009e-15
 rho = 8.47148434304644482e-01 H= 5.07927033766009117e-15
 rho = 8.47324453066236161e-01 H= 5.12090370108353454e-15
 rho = 8.47499920033016219e-01 H= 5.27355936696949357e-15
 rho = 8.47674796359941030e-01 H= 5.30131494258512248e-15
 rho = 8.47849131275636658e-01 H= 5.56499291093359716e-15
 rho = 8.48022937619409944e-01 H= 5.77315972805081401e-15
 rho = 8.48196199784854832e-01 H= 5.73152636462737064e-15
 rho = 8.48368963413676513e-01 H= 5.85642645489770075e-15
 rho = 8.48541261537455460e-01 H= 5.91193760612895858e-15
 rho = 8.48713054705460435e-01 H= 6.13398221105398989e-15
 rho = 8.48884368588493032e-01 H= 5.81479309147425738e-15
 rho = 8.49055240124181099e-01 H= 5.57887069874141162e-15
 rho = 8.49225649434165231e-01 H= 6.06459327201491760e-15
 rho = 8.49395607577611678e-01 H= 5.49560397189452488e-15
 rho = 8.49565138476436221e-01 H= 5.60662627435704053e-15
 rho = 8.49734201627668995e-01 H= 5.32907051820075139e-15
 rho = 8.49902850007227428e-01 H= 5.39845945723982368e-15
 rho = 8.50071072664418059e-01 H= 5.28743715477730802e-15
 rho = 8.50238906287525742e-01 H= 5.10702591327572009e-15
 rho = 8.50406317134761003e-01 H= 5.32907051820075139e-15
 rho = 8.50573349503847109e-01 H= 5.21804821573823574e-15
 rho = 8.50739968865336205e-01 H= 5.23192600354605020e-15
 rho = 8.50906214157693630e-01 H= 5.63438184997266944e-15
 rho = 8.51072051931550333e-01 H= 5.27355936696949357e-15
 rho = 8.51237511108474454e-01 H= 5.25968157916167911e-15
 rho = 8.51402614849735118e-01 H= 5.28743715477730802e-15
 rho = 8.51567326610897846e-01 H= 5.12090370108353454e-15
 rho = 8.51731676014800265e-01 H= 5.13478148889134900e-15
 rho = 8.51895634439060911e-01 H= 4.88498130835068878e-15
 rho = 8.52059230037233939e-01 H= 5.27355936696949357e-15
 rho = 8.52222475483002784e-01 H= 5.35682609381638031e-15
 rho = 8.52385360234718781e-01 H= 4.88498130835068878e-15
 rho = 8.52547883955459329e-01 H= 5.10702591327572009e-15
 rho = 8.52710044559378599e-01 H= 5.30131494258512248e-15
 rho = 8.52871863010959630e-01 H= 5.49560397189452488e-15
 rho = 8.53033316284493304e-01 H= 5.44009282066326705e-15
 rho = 8.53194425821191760e-01 H= 5.57887069874141162e-15
 rho = 8.53355189153738203e-01 H= 5.48172618408671042e-15
 rho = 8.53515615929996807e-01 H= 5.64825963778048390e-15
 rho = 8.53675701418183386e-01 H= 5.50948175970233933e-15
 rho = 8.53835439100754212e-01 H= 5.56499291093359716e-15
 rho = 8.53994842707033852e-01 H= 5.67601521339611281e-15
 rho = 8.54153899351670853e-01 H= 5.91193760612895858e-15
 rho = 8.54312617598734114e-01 H= 5.81479309147425738e-15
 rho = 8.54471020853893148e-01 H= 5.55111512312578270e-15
 rho = 8.54629089074465331e-01 H= 5.48172618408671042e-15
 rho = 8.54786801150259290e-01 H= 5.30131494258512248e-15
 rho = 8.54944207431036940e-01 H= 5.38458166943200922e-15
 rho = 8.55101266445236652e-01 H= 5.42621503285545259e-15
 rho = 8.55257997606403975e-01 H= 5.38458166943200922e-15
 rho = 8.55414409627441752e-01 H= 5.27355936696949357e-15
 rho = 8.55570488496486092e-01 H= 5.21804821573823574e-15
 rho = 8.55726242387735647e-01 H= 5.31519273039293694e-15
 rho = 8.55881678276516400e-01 H= 5.20417042793042128e-15
 rho = 8.56036782012453590e-01 H= 5.21804821573823574e-15
 rho = 8.56191549437918198e-01 H= 5.23192600354605020e-15
 rho = 8.56346007349393035e-01 H= 5.38458166943200922e-15
 rho = 8.56500133534000674e-01 H= 5.13478148889134900e-15
 rho = 8.56653947274311323e-01 H= 5.48172618408671042e-15
 rho = 8.56807424662340500e-01 H= 5.66213742558829836e-15
 rho = 8.56960592339057858e-01 H= 5.62050406216485499e-15
 rho = 8.57113431489753608e-01 H= 5.71764857681955618e-15
 rho = 8.57265938585664911e-01 H= 5.48172618408671042e-15
 rho = 8.57418134940947652e-01 H= 5.71764857681955618e-15
 rho = 8.57570009633337182e-01 H= 5.74540415243518510e-15
 rho = 8.57721570177454207e-01 H= 5.44009282066326705e-15
 rho = 8.57872790031643184e-01 H= 5.66213742558829836e-15
 rho = 8.58023705966349026e-01 H= 5.31519273039293694e-15
 rho = 8.58174310946195118e-01 H= 5.48172618408671042e-15
 rho = 8.58324581161070688e-01 H= 5.24580379135386465e-15
 rho = 8.58474540179437140e-01 H= 5.45397060847108150e-15
 rho = 8.58624183772623284e-01 H= 5.91193760612895858e-15
 rho = 8.58773518271762848e-01 H= 5.45397060847108150e-15
 rho = 8.58922528767876781e-01 H= 5.60662627435704053e-15
 rho = 8.59071221661751760e-01 H= 5.68989300120392727e-15
 rho = 8.59219584132258740e-01 H= 5.75928194024299955e-15
 rho = 8.59367633149894616e-01 H= 5.96744875736021640e-15
 rho = 8.59515363900334672e-01 H= 5.70377078901174173e-15
 rho = 8.59662779312359571e-01 H= 5.63438184997266944e-15
 rho = 8.59809874346044389e-01 H= 5.56499291093359716e-15
 rho = 8.59956649857051669e-01 H= 5.37070388162419476e-15
 rho = 8.60103113238340655e-01 H= 5.62050406216485499e-15
 rho = 8.60249252331279246e-01 H= 5.45397060847108150e-15
 rho = 8.60395073960573797e-01 H= 5.81479309147425738e-15
 rho = 8.60540578151816948e-01 H= 5.75928194024299955e-15
 rho = 8.60685755392020857e-01 H= 5.59274848654922607e-15
 rho = 8.60830581278707929e-01 H= 5.35682609381638031e-15
 rho = 8.60975126503287780e-01 H= 5.50948175970233933e-15
 rho = 8.61119338346835517e-01 H= 5.31519273039293694e-15
 rho = 8.61263242182383371e-01 H= 5.13478148889134900e-15
 rho = 8.61406821958699331e-01 H= 5.27355936696949357e-15
 rho = 8.61550068597537022e-01 H= 5.55111512312578270e-15
 rho = 8.61693016117070942e-01 H= 5.45397060847108150e-15
 rho = 8.61835632621420711e-01 H= 5.56499291093359716e-15
 rho = 8.61977932727222451e-01 H= 5.42621503285545259e-15
 rho = 8.62119916267659270e-01 H= 5.27355936696949357e-15
 rho = 8.62261564616659482e-01 H= 5.56499291093359716e-15
 rho = 8.62402894778077300e-01 H= 5.53723733531796825e-15
 rho = 8.62543923855088823e-01 H= 5.66213742558829836e-15
 rho = 8.62684629078387610e-01 H= 5.63438184997266944e-15
 rho = 8.62825011891701910e-01 H= 5.64825963778048390e-15
 rho = 8.62965064769265711e-01 H= 5.67601521339611281e-15
 rho = 8.63104801391180732e-01 H= 5.56499291093359716e-15
 rho = 8.63244205523320818e-01 H= 5.59274848654922607e-15
 rho = 8.63383297176405162e-01 H= 5.82867087928207184e-15
 rho = 8.63522065249028525e-01 H= 5.70377078901174173e-15
 rho = 8.63660517560975172e-01 H= 5.71764857681955618e-15
 rho = 8.63798629062333290e-01 H= 5.47478729018280319e-15
 rho = 8.63936434524828489e-01 H= 5.57887069874141162e-15
 rho = 8.64073885399039732e-01 H= 5.37764277552810199e-15
 rho = 8.64211038139062193e-01 H= 5.21804821573823574e-15
 rho = 8.64347865395786674e-01 H= 5.23886489744995743e-15
 rho = 8.64484360626650572e-01 H= 5.25968157916167911e-15
 rho = 8.64620529838595386e-01 H= 5.28743715477730802e-15
 rho = 8.64756372446893740e-01 H= 5.41233724504763813e-15
 rho = 8.64891902393961520e-01 H= 5.46784839627889596e-15
 rho = 8.65027084269936020e-01 H= 5.36376498772028754e-15
 rho = 8.65161951253628381e-01 H= 5.40539835114373091e-15
 rho = 8.65296466361043071e-01 H= 5.30131494258512248e-15
 rho = 8.65430673334117939e-01 H= 5.37764277552810199e-15
 rho = 8.65564567207266600e-01 H= 5.17641485231479237e-15
 rho = 8.65698108768778840e-01 H= 5.30131494258512248e-15
 rho = 8.65831306869012218e-01 H= 5.38458166943200922e-15
 rho = 8.65964185521449825e-01 H= 5.30131494258512248e-15
 rho = 8.66096753009723441e-01 H= 5.11396480717962731e-15
 rho = 8.66228971753265631e-01 H= 5.08620923156399840e-15
 rho = 8.66360860937171129e-01 H= 5.21110932183432851e-15
 rho = 8.66492408785094037e-01 H= 5.23886489744995743e-15
 rho = 8.66623648405356883e-01 H= 5.14865927669916346e-15
 rho = 8.66754558639700634e-01 H= 5.34988719991247308e-15
 rho = 8.66885124969680176e-01 H= 5.39152056333591645e-15
 rho = 8.67015358967323402e-01 H= 5.47478729018280319e-15
 rho = 8.67145250432858172e-01 H= 5.52335954751015379e-15
 rho = 8.67274813648901688e-01 H= 5.44356226761522066e-15
 rho = 8.67404051507970730e-01 H= 5.26315102611363272e-15
 rho = 8.67532942233216531e-01 H= 5.34294830600856585e-15
 rho = 8.67661519792799152e-01 H= 5.54764567617382909e-15
 rho = 8.67789742389060925e-01 H= 5.85295700794574714e-15
 rho = 8.67917657858924718e-01 H= 5.65172908473243751e-15
 rho = 8.68045213454699982e-01 H= 5.79050696281058208e-15
 rho = 8.68172448881433190e-01 H= 5.95010152260044833e-15
 rho = 8.68299342475918112e-01 H= 5.99867377992779893e-15
 rho = 8.68425873154260231e-01 H= 6.15479889276571157e-15
 rho = 8.68552083653066798e-01 H= 5.92928484088872665e-15
 rho = 8.68677952549999133e-01 H= 5.96050986345630918e-15
 rho = 8.68803485202873094e-01 H= 6.32133234645948505e-15
 rho = 8.68928676219250851e-01 H= 6.12010442324617543e-15
 rho = 8.69053557691255696e-01 H= 6.12357387019812904e-15
 rho = 8.69178075030374475e-01 H= 6.27276008913213445e-15
 rho = 8.69302234697774345e-01 H= 6.25714757784834319e-15
 rho = 8.69426069659145373e-01 H= 6.34301638990919514e-15
 rho = 8.69549555305312083e-01 H= 6.32350075080445606e-15
 rho = 8.69672713861703861e-01 H= 6.46119442671011512e-15
 rho = 8.69795521686372197e-01 H= 6.33266225916195857e-15
 rho = 8.69917976418861594e-01 H= 6.52776444010072510e-15
 rho = 8.70040103800504561e-01 H= 6.50347831143704980e-15
 rho = 8.70161872751555321e-01 H= 6.55378529224037720e-15
 rho = 8.70283306446781091e-01 H= 6.54858112181244678e-15
 rho = 8.70404388999611034e-01 H= 6.45664077758567601e-15
 rho = 8.70525136852498438e-01 H= 6.53296861052865552e-15
 rho = 8.70645541877992701e-01 H= 6.38551711507062691e-15
 rho = 8.70765595673712700e-01 H= 6.14959472233778115e-15
 rho = 8.70885296798059261e-01 H= 6.36643515683488204e-15
 rho = 8.71004641971793503e-01 H= 6.32480179341143867e-15
 rho = 8.71123655599198465e-01 H= 6.10622663543836097e-15
 rho = 8.71242342386220003e-01 H= 6.42541575501809348e-15
 rho = 8.71360663790409995e-01 H= 6.43235464892200071e-15
 rho = 8.71478629200617139e-01 H= 6.30051566474776337e-15
 rho = 8.71596242371695973e-01 H= 6.44623243672981516e-15
 rho = 8.71713508100332879e-01 H= 6.35255736902706758e-15
 rho = 8.71830419255050559e-01 H= 6.14785999886180434e-15
 rho = 8.71946968302071301e-01 H= 6.29357677084385614e-15
 rho = 8.72063178070073053e-01 H= 6.11316552934226820e-15
 rho = 8.72179043465820980e-01 H= 6.00214322687975255e-15
 rho = 8.72294547469666282e-01 H= 6.00214322687975255e-15
 rho = 8.72409714204524289e-01 H= 6.09928774153445374e-15
 rho = 8.72524514692845199e-01 H= 6.08540995372663929e-15
 rho = 8.72638943731151917e-01 H= 6.17561557447743326e-15
 rho = 8.72753045818447371e-01 H= 6.12010442324617543e-15
 rho = 8.72866782099970373e-01 H= 6.14092110495789711e-15
 rho = 8.72980184351737520e-01 H= 5.98826543907193809e-15
 rho = 8.73093218726638032e-01 H= 5.88418203051332966e-15
 rho = 8.73205889269881186e-01 H= 5.96050986345630918e-15
 rho = 8.73318201200754096e-01 H= 5.94663207564849472e-15
 rho = 8.73430147659082223e-01 H= 6.09234884763054652e-15
 rho = 8.73541731343040473e-01 H= 5.93969318174458749e-15
 rho = 8.73652977931308805e-01 H= 5.81479309147425738e-15
 rho = 8.73763888599875416e-01 H= 5.95357096955240195e-15
 rho = 8.73874418768987971e-01 H= 5.74540415243518510e-15
 rho = 8.73984575400209240e-01 H= 5.75928194024299955e-15
 rho = 8.74094397425917102e-01 H= 5.77315972805081401e-15
 rho = 8.74203829619808026e-01 H= 5.74540415243518510e-15
 rho = 8.74312923619134486e-01 H= 5.78703751585862847e-15
 rho = 8.74421659586668953e-01 H= 5.71764857681955618e-15
 rho = 8.74530021586077511e-01 H= 5.66213742558829836e-15
 rho = 8.74638036513731731e-01 H= 5.73152636462737064e-15
 rho = 8.74745687758359036e-01 H= 5.70377078901174173e-15
 rho = 8.74852955612077432e-01 H= 5.49560397189452488e-15
 rho = 8.74959886709484103e-01 H= 5.55111512312578270e-15
 rho = 8.75066460887604536e-01 H= 5.66213742558829836e-15
 rho = 8.75172654174401710e-01 H= 5.74540415243518510e-15
 rho = 8.75278470029580591e-01 H= 5.55111512312578270e-15
 rho = 8.75383940203747546e-01 H= 5.74540415243518510e-15
 rho = 8.75489037100156242e-01 H= 5.92581539393677303e-15
 rho = 8.75593767079961061e-01 H= 6.02295990859147423e-15
 rho = 8.75698132380670291e-01 H= 5.95357096955240195e-15
 rho = 8.75802111074697409e-01 H= 5.92581539393677303e-15
 rho = 8.75905744807474629e-01 H= 6.07847105982273206e-15
 rho = 8.76009027210796654e-01 H= 6.00908212078365978e-15
 rho = 8.76111931935486199e-01 H= 5.93969318174458749e-15
 rho = 8.76214457568337490e-01 H= 6.21724893790087663e-15
 rho = 8.76316624622411000e-01 H= 6.14785999886180434e-15
 rho = 8.76418408914668268e-01 H= 6.02295990859147423e-15
 rho = 8.76519816428493415e-01 H= 5.57887069874141162e-15
 rho = 8.76620876472060218e-01 H= 5.73152636462737064e-15
 rho = 8.76721562009659006e-01 H= 5.75928194024299955e-15
 rho = 8.76821878245674924e-01 H= 5.77315972805081401e-15
 rho = 8.76921808286604598e-01 H= 5.87030424270551521e-15
 rho = 8.77021381737368100e-01 H= 5.91193760612895858e-15
 rho = 8.77120585022616583e-01 H= 5.74540415243518510e-15
 rho = 8.77219413770570333e-01 H= 6.07847105982273206e-15
 rho = 8.77317880580836817e-01 H= 5.85642645489770075e-15
 rho = 8.77415984552226025e-01 H= 5.74540415243518510e-15
 rho = 8.77513697566759676e-01 H= 6.07847105982273206e-15
 rho = 8.77611044481088842e-01 H= 5.91193760612895858e-15
 rho = 8.77708007129544110e-01 H= 5.74540415243518510e-15
 rho = 8.77804610180265121e-01 H= 5.68989300120392727e-15
 rho = 8.77900824554967096e-01 H= 5.63438184997266944e-15
 rho = 8.77996683892047436e-01 H= 5.68989300120392727e-15
 rho = 8.78092142050387769e-01 H= 5.80091530366644292e-15
 rho = 8.78187238546384585e-01 H= 6.13398221105398989e-15
 rho = 8.78281947216534853e-01 H= 5.99520433297584532e-15
 rho = 8.78376281328306807e-01 H= 5.85642645489770075e-15
 rho = 8.78470230570609800e-01 H= 5.88418203051332966e-15
 rho = 8.78563809824468467e-01 H= 5.80091530366644292e-15
 rho = 8.78657006852422762e-01 H= 5.82867087928207184e-15
 rho = 8.78749844751368414e-01 H= 6.05071548420710315e-15
 rho = 8.78759113728617258e-01 H= 6.10622663543836097e-15
 rho = 8.78763746172398497e-01 H= 6.05071548420710315e-15
 rho = 8.78786887951684470e-01 H= 6.07847105982273206e-15
 rho = 8.78787847215147244e-01 H= 6.02295990859147423e-15
 rho = 8.78787852011317372e-01 H= 6.05071548420710315e-15
 rho = 8.78787875992145917e-01 H= 6.10622663543836097e-15
 rho = 8.78787877191186340e-01 H= 6.32827124036339228e-15
 rho = 8.78787877790706551e-01 H= 6.10622663543836097e-15
 rho = 8.78787878090466656e-01 H= 6.07847105982273206e-15
 rho = 8.78787878240346654e-01 H= 6.21724893790087663e-15
 rho = 8.78787878315286708e-01 H= 6.21724893790087663e-15
 rho = 8.78787878689986757e-01 H= 6.13398221105398989e-15
 rho = 8.78787878715718951e-01 H= 6.46704911844153685e-15
 rho = 8.78787878734770156e-01 H= 6.13398221105398989e-15
 rho = 8.78787878749975881e-01 H= 6.24500451351650554e-15
 rho = 8.78787878762816055e-01 H= 6.18949336228524771e-15
 rho = 8.78787878774126785e-01 H= 6.10622663543836097e-15
 rho = 8.78787878777463005e-01 H= 6.07847105982273206e-15
 rho = 8.78787878781263632e-01 H= 6.16173778666961880e-15
 rho = 8.78787878785802556e-01 H= 6.18949336228524771e-15
 rho = 8.78787878786827736e-01 H= 6.16173778666961880e-15
 rho = 8.78787878787758547e-01 H= 6.13398221105398989e-15
 rho = 8.78787878787878673e-01 H= 6.07847105982273206e-15
 rho = 8.78787878788168664e-01 H= 1.11854969730984521e-14
 rho = 8.78787878788434118e-01 H= 1.11299858218671943e-14
 rho = 8.78787878789761501e-01 H= 1.11022302462515654e-14
 rho = 8.78787878796398192e-01 H= 1.09634523681734208e-14
 rho = 8.78787878829581759e-01 H= 1.10467190950203076e-14
 rho = 8.78787878995499594e-01 H= 1.09356967925577919e-14
 rho = 8.78787879825088769e-01 H= 1.12132525487140811e-14
 rho = 8.78787883973034090e-01 H= 1.11022302462515654e-14
 rho = 8.78787904712746260e-01 H= 1.07691633388640184e-14
 rho = 8.78788008410946508e-01 H= 1.09912079437890498e-14
 rho = 8.78788526892932964e-01 H= 1.10467190950203076e-14
 rho = 8.78791119077507954e-01 H= 1.08801856413265341e-14
 rho = 8.78804074367381061e-01 H= 1.10189635194046787e-14
 rho = 8.78868710107508444e-01 H= 1.08801856413265341e-14
 rho = 8.78973482364860725e-01 H= 1.08801856413265341e-14
 rho = 8.79077722372195725e-01 H= 1.06581410364015028e-14
 rho = 8.79181530918095921e-01 H= 1.07691633388640184e-14
 rho = 8.79284908969034773e-01 H= 1.06303854607858739e-14
 rho = 8.79387865983592087e-01 H= 1.05748743095546160e-14
 rho = 8.79490384706794859e-01 H= 1.06581410364015028e-14
 rho = 8.79592485403642654e-01 H= 1.06581410364015028e-14
 rho = 8.79694154420474494e-01 H= 1.06026298851702450e-14
 rho = 8.79795393770508971e-01 H= 1.10189635194046787e-14
 rho = 8.79896192120219633e-01 H= 1.08246744900952763e-14
 rho = 8.79996545578824563e-01 H= 1.06581410364015028e-14
 rho = 8.80096475474894446e-01 H= 1.09079412169421630e-14
 rho = 8.80195989785324318e-01 H= 1.08524300657109052e-14
 rho = 8.80295058496220695e-01 H= 1.08246744900952763e-14
 rho = 8.80393691117628441e-01 H= 1.06581410364015028e-14
 rho = 8.80491911702542152e-01 H= 1.08524300657109052e-14
 rho = 8.80589683175649784e-01 H= 1.09079412169421630e-14
 rho = 8.80687030693073747e-01 H= 1.07691633388640184e-14
 rho = 8.80783954215530351e-01 H= 1.08246744900952763e-14
 rho = 8.80880447591044446e-01 H= 1.07969189144796474e-14
 rho = 8.80976478539060803e-01 H= 1.07414077632483895e-14
 rho = 8.81072101433688859e-01 H= 1.08801856413265341e-14
 rho = 8.81167286555818885e-01 H= 1.08801856413265341e-14
 rho = 8.81262049665136771e-01 H= 1.09356967925577919e-14
 rho = 8.81356368018883396e-01 H= 1.08524300657109052e-14
 rho = 8.81450241167208826e-01 H= 1.07691633388640184e-14
 rho = 8.81543686360451773e-01 H= 1.09079412169421630e-14
 rho = 8.81636698651954043e-01 H= 1.09912079437890498e-14
 rho = 8.81729280038347607e-01 H= 1.08246744900952763e-14
 rho = 8.81821436827656790e-01 H= 1.08801856413265341e-14
 rho = 8.81913148908347599e-01 H= 1.08524300657109052e-14
 rho = 8.82004422578629765e-01 H= 1.06581410364015028e-14
 rho = 8.82095272337690472e-01 H= 1.08246744900952763e-14
 rho = 8.82185678092085812e-01 H= 1.09079412169421630e-14
 rho = 8.82275645881113291e-01 H= 1.09912079437890498e-14
 rho = 8.82365189929294802e-01 H= 1.08801856413265341e-14
 rho = 8.82454286254689579e-01 H= 1.07414077632483895e-14
 rho = 8.82542967180338422e-01 H= 1.09356967925577919e-14
 rho = 8.82631224339615050e-01 H= 1.09912079437890498e-14
 rho = 8.82719026851507160e-01 H= 1.08801856413265341e-14
 rho = 8.82806394292326657e-01 H= 1.07136521876327606e-14
 rho = 8.82893342699581196e-01 H= 1.08246744900952763e-14
 rho = 8.82979844543050896e-01 H= 1.08801856413265341e-14
 rho = 8.83065919268931299e-01 H= 1.08246744900952763e-14
 rho = 8.83151567691003780e-01 H= 1.09912079437890498e-14
 rho = 8.83236777501712811e-01 H= 1.09356967925577919e-14
 rho = 8.83321525753325565e-01 H= 1.09356967925577919e-14
 rho = 8.83405848841126273e-01 H= 1.09356967925577919e-14
 rho = 8.83489742520971233e-01 H= 1.08246744900952763e-14
 rho = 8.83573218043349873e-01 H= 1.09356967925577919e-14
 rho = 8.83656270861750692e-01 H= 1.08246744900952763e-14
 rho = 8.83738864538493596e-01 H= 1.07691633388640184e-14
 rho = 8.83821026056141767e-01 H= 1.08246744900952763e-14
 rho = 8.83902781332981058e-01 H= 1.07691633388640184e-14
 rho = 8.83984088926072831e-01 H= 1.06026298851702450e-14
 rho = 8.84064974921033864e-01 H= 1.08801856413265341e-14
 rho = 8.84145424881792485e-01 H= 1.04916075827077293e-14
 rho = 8.84225439612382424e-01 H= 1.06581410364015028e-14
 rho = 8.84305041312233087e-01 H= 1.06581410364015028e-14
 rho = 8.84384204642701066e-01 H= 1.06581410364015028e-14
 rho = 8.84462925485745344e-01 H= 1.09356967925577919e-14
 rho = 8.84541238071138713e-01 H= 1.06026298851702450e-14
 rho = 8.84619097043327751e-01 H= 1.08801856413265341e-14
 rho = 8.84696531614626469e-01 H= 1.04360964314764715e-14
 rho = 8.84773547290013562e-01 H= 1.04360964314764715e-14
 rho = 8.84850125466223325e-01 H= 1.04360964314764715e-14
 rho = 8.84926265496157050e-01 H= 1.02695629777826980e-14
 rho = 8.85001993657769548e-01 H= 1.04916075827077293e-14
 rho = 8.85077288247495431e-01 H= 1.07136521876327606e-14
 rho = 8.85152170340870126e-01 H= 1.07691633388640184e-14
 rho = 8.85226622631625992e-01 H= 1.06581410364015028e-14
 rho = 8.85300645934788633e-01 H= 1.05471187339389871e-14
 rho = 8.85374227049592122e-01 H= 1.05471187339389871e-14
 rho = 8.85447422970029652e-01 H= 1.06581410364015028e-14
 rho = 8.85520169132604118e-01 H= 1.07691633388640184e-14
 rho = 8.85592497264520495e-01 H= 1.05471187339389871e-14
 rho = 8.85664415243466063e-01 H= 1.05471187339389871e-14
 rho = 8.85735882787985429e-01 H= 1.06581410364015028e-14
 rho = 8.85806935766871639e-01 H= 1.08801856413265341e-14
 rho = 8.85877575704647091e-01 H= 1.07691633388640184e-14
 rho = 8.85947789254265761e-01 H= 1.06026298851702450e-14
 rho = 8.86017578377605308e-01 H= 1.07691633388640184e-14
 rho = 8.86086946597188008e-01 H= 1.09356967925577919e-14
 rho = 8.86155912485748209e-01 H= 1.05471187339389871e-14
 rho = 8.86224442532286938e-01 H= 1.06581410364015028e-14
 rho = 8.86292568200729991e-01 H= 1.05471187339389871e-14
 rho = 8.86360277748685199e-01 H= 1.07136521876327606e-14
 rho = 8.86427550647076901e-01 H= 1.08246744900952763e-14
 rho = 8.86494423382871544e-01 H= 1.08801856413265341e-14
 rho = 8.86560882256729133e-01 H= 1.04916075827077293e-14
 rho = 8.86626926947602589e-01 H= 1.07691633388640184e-14
 rho = 8.86692579505494072e-01 H= 1.06026298851702450e-14
 rho = 8.86757787335957115e-01 H= 1.06581410364015028e-14
 rho = 8.86822617997134799e-01 H= 1.07691633388640184e-14
 rho = 8.86887022191462537e-01 H= 1.08246744900952763e-14
 rho = 8.86951022753824092e-01 H= 1.06581410364015028e-14
 rho = 8.87014622014414056e-01 H= 1.08801856413265341e-14
 rho = 8.87077797439320470e-01 H= 1.08246744900952763e-14
 rho = 8.87140556106656764e-01 H= 1.08246744900952763e-14
 rho = 8.87202912242795017e-01 H= 1.06026298851702450e-14
 rho = 8.87264865161386362e-01 H= 1.07691633388640184e-14
 rho = 8.87326413050712692e-01 H= 1.06581410364015028e-14
 rho = 8.87387570774067380e-01 H= 1.04360964314764715e-14
 rho = 8.87448332731122225e-01 H= 1.06581410364015028e-14
 rho = 8.87508680462612443e-01 H= 1.07691633388640184e-14
 rho = 8.87568640575957413e-01 H= 1.05471187339389871e-14
 rho = 8.87628195418310062e-01 H= 1.03805852802452137e-14
 rho = 8.87687335350039297e-01 H= 1.08801856413265341e-14
 rho = 8.87746084919254552e-01 H= 1.08801856413265341e-14
 rho = 8.87804448112981870e-01 H= 1.07691633388640184e-14
 rho = 8.87862407177061774e-01 H= 1.09356967925577919e-14
 rho = 8.87919981466988473e-01 H= 1.07691633388640184e-14
 rho = 8.87977156418214508e-01 H= 1.06581410364015028e-14
 rho = 8.88033946276614472e-01 H= 1.07691633388640184e-14
 rho = 8.88090339776472337e-01 H= 1.05471187339389871e-14
 rho = 8.88146350869785550e-01 H= 1.08246744900952763e-14
 rho = 8.88201973253828880e-01 H= 1.06581410364015028e-14
 rho = 8.88257189030708827e-01 H= 1.07691633388640184e-14
 rho = 8.88312032020348252e-01 H= 1.06581410364015028e-14
 rho = 8.88366495970972503e-01 H= 1.05471187339389871e-14
 rho = 8.88420575354135211e-01 H= 1.09356967925577919e-14
 rho = 8.88474265809592656e-01 H= 1.08246744900952763e-14
 rho = 8.88527576781073969e-01 H= 1.07136521876327606e-14
 rho = 8.88580511918407034e-01 H= 1.05471187339389871e-14
 rho = 8.88633057427152040e-01 H= 1.08801856413265341e-14
 rho = 8.88685226357527447e-01 H= 1.06581410364015028e-14
 rho = 8.88737013641448415e-01 H= 1.06026298851702450e-14
 rho = 8.88788421328693845e-01 H= 1.08246744900952763e-14
 rho = 8.88839474631588078e-01 H= 1.07136521876327606e-14
 rho = 8.88890144450203645e-01 H= 1.06581410364015028e-14
 rho = 8.88940454860122076e-01 H= 1.09356967925577919e-14
 rho = 8.88990400755938270e-01 H= 1.05471187339389871e-14
 rho = 8.89039963254502630e-01 H= 1.07136521876327606e-14
 rho = 8.89089173053737469e-01 H= 1.07691633388640184e-14
 rho = 8.89138007266661923e-01 H= 1.04360964314764715e-14
 rho = 8.89186477756513050e-01 H= 1.10467190950203076e-14
 rho = 8.89234584971602127e-01 H= 1.08801856413265341e-14
 rho = 8.89282336790008676e-01 H= 1.10467190950203076e-14
 rho = 8.89329706777844176e-01 H= 1.08801856413265341e-14
 rho = 8.89376738435947223e-01 H= 1.06026298851702450e-14
 rho = 8.89423407503355579e-01 H= 1.08801856413265341e-14
 rho = 8.89469706130948001e-01 H= 1.08801856413265341e-14
 rho = 8.89515653730437506e-01 H= 1.07136521876327606e-14
 rho = 8.89561259375445501e-01 H= 1.06581410364015028e-14
 rho = 8.89606504638483564e-01 H= 1.07691633388640184e-14
 rho = 8.89651403197866064e-01 H= 1.07136521876327606e-14
 rho = 8.89695955050545884e-01 H= 1.07136521876327606e-14
 rho = 8.89740154437856812e-01 H= 1.07691633388640184e-14
 rho = 8.89784002919840722e-01 H= 1.08246744900952763e-14
 rho = 8.89827522434065710e-01 H= 1.06581410364015028e-14
 rho = 8.89870694732845191e-01 H= 1.04916075827077293e-14
 rho = 8.89913522167129156e-01 H= 1.05471187339389871e-14
 rho = 8.89956015706966919e-01 H= 1.08801856413265341e-14
 rho = 8.89998164214794607e-01 H= 1.07136521876327606e-14
 rho = 8.90039975403046690e-01 H= 1.06581410364015028e-14
 rho = 8.90081446952406874e-01 H= 1.08246744900952763e-14
 rho = 8.90122588643008750e-01 H= 1.05471187339389871e-14
 rho = 8.90163387060039946e-01 H= 1.07691633388640184e-14
 rho = 8.90203870566226407e-01 H= 1.06581410364015028e-14
 rho = 8.90244019852708512e-01 H= 1.06581410364015028e-14
 rho = 8.90283840467097187e-01 H= 1.06581410364015028e-14
 rho = 8.90323340102479710e-01 H= 1.08801856413265341e-14
 rho = 8.90362510653411210e-01 H= 1.04916075827077293e-14
 rho = 8.90401371398897412e-01 H= 1.07691633388640184e-14
 rho = 8.90439890588435978e-01 H= 1.05471187339389871e-14
 rho = 8.90478104589090935e-01 H= 1.07136521876327606e-14
 rho = 8.90515986631234435e-01 H= 1.07136521876327606e-14
 rho = 8.90553548900712033e-01 H= 1.07136521876327606e-14
 rho = 8.90590810208680361e-01 H= 1.07136521876327606e-14
 rho = 8.90627749703931548e-01 H= 1.05471187339389871e-14
 rho = 8.90664380162750513e-01 H= 1.11022302462515654e-14
 rho = 8.90700698743979280e-01 H= 1.04916075827077293e-14
 rho = 8.90736707778727710e-01 H= 1.07691633388640184e-14
 rho = 8.90772411023923572e-01 H= 1.07691633388640184e-14
 rho = 8.90807814436178069e-01 H= 1.10467190950203076e-14
 rho = 8.90842902820006222e-01 H= 1.07136521876327606e-14
 rho = 8.90877690526606592e-01 H= 1.07691633388640184e-14
 rho = 8.90912181153493132e-01 H= 1.04916075827077293e-14
 rho = 8.90946373465732799e-01 H= 1.05471187339389871e-14
 rho = 8.90980272904001613e-01 H= 1.04916075827077293e-14
 rho = 8.91013860888600684e-01 H= 1.06581410364015028e-14
 rho = 8.91047162618869404e-01 H= 1.09356967925577919e-14
 rho = 8.91080167293467618e-01 H= 1.04360964314764715e-14
 rho = 8.91112894967082014e-01 H= 1.07691633388640184e-14
 rho = 8.91145330770094946e-01 H= 1.08801856413265341e-14
 rho = 8.91177468587282862e-01 H= 1.04360964314764715e-14
 rho = 8.91209333343463639e-01 H= 1.05471187339389871e-14
 rho = 8.91240909903938006e-01 H= 1.04360964314764715e-14
 rho = 8.91272188400716980e-01 H= 1.06581410364015028e-14
 rho = 8.91303205478437444e-01 H= 1.09912079437890498e-14
 rho = 8.91333930124198148e-01 H= 1.04360964314764715e-14
 rho = 8.91364386502568329e-01 H= 1.07691633388640184e-14
 rho = 8.91394557034810964e-01 H= 1.05471187339389871e-14
 rho = 8.91424454211039108e-01 H= 1.05471187339389871e-14
 rho = 8.91454079340745720e-01 H= 1.07691633388640184e-14
 rho = 8.91483435588572681e-01 H= 1.08801856413265341e-14
 rho = 8.91512513856741018e-01 H= 1.06581410364015028e-14
 rho = 8.91541324103827915e-01 H= 1.06581410364015028e-14
 rho = 8.91569875278952373e-01 H= 1.06581410364015028e-14
 rho = 8.91598161732150229e-01 H= 1.11022302462515654e-14
 rho = 8.91626190868402002e-01 H= 1.04360964314764715e-14
 rho = 8.91653948532927010e-01 H= 1.09912079437890498e-14
 rho = 8.91681440720067053e-01 H= 1.09912079437890498e-14
 rho = 8.91708690119177416e-01 H= 1.06581410364015028e-14
 rho = 8.91735671497238647e-01 H= 1.06581410364015028e-14
 rho = 8.91762402362249462e-01 H= 1.05471187339389871e-14
 rho = 8.91788881593205129e-01 H= 1.06581410364015028e-14
 rho = 8.91815108876677254e-01 H= 1.11022302462515654e-14
 rho = 8.91841082712029776e-01 H= 1.07691633388640184e-14
 rho = 8.91866800924499548e-01 H= 1.08801856413265341e-14
 rho = 8.91892285660853212e-01 H= 1.07691633388640184e-14
 rho = 8.91917512210379293e-01 H= 1.08801856413265341e-14
 rho = 8.91942501321589254e-01 H= 1.06581410364015028e-14
 rho = 8.91967243651616060e-01 H= 1.02140518265514402e-14
 rho = 8.91991755490349925e-01 H= 1.06581410364015028e-14
 rho = 8.92016022484047655e-01 H= 1.07691633388640184e-14
 rho = 8.92040048502668048e-01 H= 1.06581410364015028e-14
 rho = 8.92063845286318324e-01 H= 1.07691633388640184e-14
 rho = 8.92087400727121449e-01 H= 1.06581410364015028e-14
 rho = 8.92110733447360471e-01 H= 1.11022302462515654e-14
 rho = 8.92133828785873439e-01 H= 1.07691633388640184e-14

RunTime (full sec) = 0.00000000000000000e+00
rho min = 8.33162344273395195e-01plotn = 1.31373523548303467e+11


All ok!! Please press enter